Using pre-set license

 COMMAND LINE ARGUMENTS:
/Applications/Unity/Hub/Editor/2020.3.16f1/Unity.app/Contents/MacOS/Unity
-adb2
-batchMode
-noUpm
-name
AssetImportWorker0
-projectPath
/Users/rachelyang/Desktop/MyGame/IndividualProject
-logFile
Logs/AssetImportWorker0.log
-srvPort
60985
Successfully changed project path to: /Users/rachelyang/Desktop/MyGame/IndividualProject
/Users/rachelyang/Desktop/MyGame/IndividualProject
Using Asset Import Pipeline V2.
Refreshing native plugins compatible for Editor in 61.94 ms, found 3 plugins.
Preloading 1 native plugins for Editor in 10.94 ms.
Initialize engine version: 2020.3.16f1 (049d6eca3c44)
[Subsystems] Discovering subsystems at path /Applications/Unity/Hub/Editor/2020.3.16f1/Unity.app/Contents/Resources/UnitySubsystems
[Subsystems] Discovering subsystems at path /Users/rachelyang/Desktop/MyGame/IndividualProject/Assets
GfxDevice: creating device client; threaded=0
2021-11-08 17:07:19.955 Unity[23316:1861638] (null) preferred device: Apple M1 (high power)
2021-11-08 17:07:19.955 Unity[23316:1861638] Metal devices available: 1
2021-11-08 17:07:19.955 Unity[23316:1861638] 0: Apple M1 (high power)
2021-11-08 17:07:19.955 Unity[23316:1861638] Using device Apple M1 (high power)
Initializing Metal device caps: Apple M1
Initialize mono
Mono path[0] = '/Applications/Unity/Hub/Editor/2020.3.16f1/Unity.app/Contents/Managed'
Mono path[1] = '/Applications/Unity/Hub/Editor/2020.3.16f1/Unity.app/Contents/MonoBleedingEdge/lib/mono/unityjit'
Mono config path = '/Applications/Unity/Hub/Editor/2020.3.16f1/Unity.app/Contents/MonoBleedingEdge/etc'
Using monoOptions --debugger-agent=transport=dt_socket,embedding=1,server=y,suspend=n,address=127.0.0.1:56316
Begin MonoManager ReloadAssembly
Registering precompiled unity dll's ...
Register platform support module: /Applications/Unity/Hub/Editor/2020.3.16f1/Unity.app/Contents/PlaybackEngines/MacStandaloneSupport/UnityEditor.OSXStandalone.Extensions.dll
Registered in 0.002201 seconds.
Native extension for OSXStandalone target not found
Refreshing native plugins compatible for Editor in 60.85 ms, found 3 plugins.
Preloading 1 native plugins for Editor in 0.44 ms.
Mono: successfully reloaded assembly
- Completed reload, in  2.980 seconds
Domain Reload Profiling:
	ReloadAssembly (2980ms)
		BeginReloadAssembly (97ms)
			ExecutionOrderSort (0ms)
			DisableScriptedObjects (0ms)
			BackupInstance (0ms)
			ReleaseScriptingObjects (0ms)
			CreateAndSetChildDomain (3ms)
		EndReloadAssembly (1013ms)
			LoadAssemblies (95ms)
			RebuildTransferFunctionScriptingTraits (0ms)
			SetupTypeCache (181ms)
			ReleaseScriptCaches (0ms)
			RebuildScriptCaches (47ms)
			SetupLoadedEditorAssemblies (603ms)
				LogAssemblyErrors (0ms)
				InitializePlatformSupportModulesInManaged (11ms)
				SetLoadedEditorAssemblies (1ms)
				RefreshPlugins (61ms)
				BeforeProcessingInitializeOnLoad (84ms)
				ProcessInitializeOnLoadAttributes (335ms)
				ProcessInitializeOnLoadMethodAttributes (111ms)
				AfterProcessingInitializeOnLoad (0ms)
				EditorAssembliesLoaded (1ms)
			ExecutionOrderSort2 (0ms)
			AwakeInstancesAfterBackupRestoration (0ms)
Platform modules already initialized, skipping
Registering precompiled user dll's ...
Registered in 0.004794 seconds.
Begin MonoManager ReloadAssembly
Native extension for OSXStandalone target not found
Refreshing native plugins compatible for Editor in 53.46 ms, found 3 plugins.
Preloading 1 native plugins for Editor in 0.38 ms.
Mono: successfully reloaded assembly
- Completed reload, in  2.990 seconds
Domain Reload Profiling:
	ReloadAssembly (2992ms)
		BeginReloadAssembly (293ms)
			ExecutionOrderSort (0ms)
			DisableScriptedObjects (38ms)
			BackupInstance (0ms)
			ReleaseScriptingObjects (0ms)
			CreateAndSetChildDomain (40ms)
		EndReloadAssembly (2604ms)
			LoadAssemblies (267ms)
			RebuildTransferFunctionScriptingTraits (0ms)
			SetupTypeCache (398ms)
			ReleaseScriptCaches (1ms)
			RebuildScriptCaches (75ms)
			SetupLoadedEditorAssemblies (1457ms)
				LogAssemblyErrors (0ms)
				InitializePlatformSupportModulesInManaged (11ms)
				SetLoadedEditorAssemblies (0ms)
				RefreshPlugins (54ms)
				BeforeProcessingInitializeOnLoad (192ms)
				ProcessInitializeOnLoadAttributes (1186ms)
				ProcessInitializeOnLoadMethodAttributes (14ms)
				AfterProcessingInitializeOnLoad (1ms)
				EditorAssembliesLoaded (0ms)
			ExecutionOrderSort2 (0ms)
			AwakeInstancesAfterBackupRestoration (40ms)
Platform modules already initialized, skipping
========================================================================
Worker process is ready to serve import requests
Launching external process: /Applications/Unity/Hub/Editor/2020.3.16f1/Unity.app/Contents/Tools/UnityShaderCompiler
Launched and connected shader compiler UnityShaderCompiler after 0.03 seconds
Refreshing native plugins compatible for Editor in 0.55 ms, found 3 plugins.
Preloading 1 native plugins for Editor in 0.41 ms.
Unloading 3250 Unused Serialized files (Serialized files now loaded: 0)
System memory in use before: 232.2 MB.
System memory in use after: 232.4 MB.

Unloading 23 unused Assets to reduce memory usage. Loaded Objects now: 3685.
Total: 3.086125 ms (FindLiveObjects: 0.205084 ms CreateObjectMapping: 0.071875 ms MarkObjects: 2.733084 ms  DeleteObjects: 0.074959 ms)

AssetImportParameters requested are different than current active one (requested -> active):
  custom:video-decoder-ogg-theora: a1e56fd34408186e4bbccfd4996cb3dc -> 
  custom:container-muxer-webm: aa71ff27fc2769a1b78a27578f13a17b -> 
  custom:container-demuxer-webm: 4f35f7cbe854078d1ac9338744f61a02 -> 
  custom:container-demuxer-ogg: 62fdf1f143b41e24485cea50d1cbac27 -> 
  custom:video-encoder-webm-vp8: eb34c28f22e8b96e1ab97ce403110664 -> 
  custom:framework-osx-AVFoundation: e770b220cccbd017edd2c1fefb359320 -> 
  custom:video-decoder-webm-vp8: 9c59270c3fd7afecdb556c50c9e8de78 -> 
  custom:audio-decoder-ogg-vorbis: bf7c407c2cedff20999df2af8eb42d56 -> 
  custom:audio-encoder-webm-vorbis: bf7c407c2cedff20999df2af8eb42d56 -> 
========================================================================
Received Import Request.
  path: Assets/Samples/XR Interaction Toolkit/1.0.0-pre.8/XR Device Simulator
  artifactKey: Guid(4c9c27e6f22214486b8f236d407fc36a) Importer(815301076,1909f56bfc062723c751e8b465ee728b)
Start importing Assets/Samples/XR Interaction Toolkit/1.0.0-pre.8/XR Device Simulator using Guid(4c9c27e6f22214486b8f236d407fc36a) Importer(815301076,1909f56bfc062723c751e8b465ee728b)  -> (artifact id: '97bcf43292edc88bd1e0d9bd0a156cec') in 0.007379 seconds 
  Import took 0.010887 seconds .

========================================================================
Received Import Request.
  Time since last request: 164.993825 seconds.
  path: Assets/Materials/Skybox_Mat.mat
  artifactKey: Guid(0ffaa0b7117ba8c47a9d05ae701d4b4d) Importer(815301076,1909f56bfc062723c751e8b465ee728b)
Start importing Assets/Materials/Skybox_Mat.mat using Guid(0ffaa0b7117ba8c47a9d05ae701d4b4d) Importer(815301076,1909f56bfc062723c751e8b465ee728b)  -> (artifact id: '4d54ab3375f41efad00566dcae11def2') in 0.925405 seconds 
  Import took 0.930058 seconds .

========================================================================
Received Import Request.
  Time since last request: 1.198701 seconds.
  path: Assets/LowPolyDungeonsLite/Prefabs
  artifactKey: Guid(0ac0e68d7d9b9394aa72444e7ef8d399) Importer(815301076,1909f56bfc062723c751e8b465ee728b)
Start importing Assets/LowPolyDungeonsLite/Prefabs using Guid(0ac0e68d7d9b9394aa72444e7ef8d399) Importer(815301076,1909f56bfc062723c751e8b465ee728b)  -> (artifact id: 'c23aca09e0dfed95f055061846a7befc') in 0.001037 seconds 
  Import took 0.006102 seconds .

========================================================================
Received Import Request.
  Time since last request: 0.075134 seconds.
  path: Assets/LowPolyDungeonsLite/Prefabs/Book_09.prefab
  artifactKey: Guid(92d4430c1aabefa4691079bac409cbf9) Importer(815301076,1909f56bfc062723c751e8b465ee728b)
Start importing Assets/LowPolyDungeonsLite/Prefabs/Book_09.prefab using Guid(92d4430c1aabefa4691079bac409cbf9) Importer(815301076,1909f56bfc062723c751e8b465ee728b)  -> (artifact id: '68e81ceabba05efb1542a9e103e04741') in 0.585958 seconds 
  Import took 0.590116 seconds .

========================================================================
Received Import Request.
  Time since last request: 0.000244 seconds.
  path: Assets/LowPolyDungeonsLite/Prefabs/Column_01.prefab
  artifactKey: Guid(2f3f7d4927009b84583c02fcbc509217) Importer(815301076,1909f56bfc062723c751e8b465ee728b)
Start importing Assets/LowPolyDungeonsLite/Prefabs/Column_01.prefab using Guid(2f3f7d4927009b84583c02fcbc509217) Importer(815301076,1909f56bfc062723c751e8b465ee728b)  -> (artifact id: 'f1b4aa2b8fd081d2dd8b42936a8c91d6') in 0.011167 seconds 
  Import took 0.014661 seconds .

========================================================================
Received Import Request.
  Time since last request: 0.000177 seconds.
  path: Assets/LowPolyDungeonsLite/Prefabs/Jug_02.prefab
  artifactKey: Guid(44b00c7db33473946ad48053b41e081f) Importer(815301076,1909f56bfc062723c751e8b465ee728b)
Start importing Assets/LowPolyDungeonsLite/Prefabs/Jug_02.prefab using Guid(44b00c7db33473946ad48053b41e081f) Importer(815301076,1909f56bfc062723c751e8b465ee728b)  -> (artifact id: 'e51df2f903aa06856b6a9ba87015a631') in 0.018341 seconds 
  Import took 0.022082 seconds .

========================================================================
Received Import Request.
  Time since last request: 0.000231 seconds.
  path: Assets/LowPolyDungeonsLite/Prefabs/Ground_01.prefab
  artifactKey: Guid(98f5378049f9b5745a77677f581b32b1) Importer(815301076,1909f56bfc062723c751e8b465ee728b)
Start importing Assets/LowPolyDungeonsLite/Prefabs/Ground_01.prefab using Guid(98f5378049f9b5745a77677f581b32b1) Importer(815301076,1909f56bfc062723c751e8b465ee728b)  -> (artifact id: '785613b182ec53bb40a5ab2629ee810b') in 0.008775 seconds 
  Import took 0.012430 seconds .

========================================================================
Received Import Request.
  Time since last request: 0.000294 seconds.
  path: Assets/LowPolyDungeonsLite/Prefabs/Particles_Pot.prefab
  artifactKey: Guid(c0e095fcea4ab9d41bfa1cf75a32235c) Importer(815301076,1909f56bfc062723c751e8b465ee728b)
Start importing Assets/LowPolyDungeonsLite/Prefabs/Particles_Pot.prefab using Guid(c0e095fcea4ab9d41bfa1cf75a32235c) Importer(815301076,1909f56bfc062723c751e8b465ee728b)  -> (artifact id: 'd6718b0b6069e7f06c762e1af79edbd0') in 0.036156 seconds 
  Import took 0.039934 seconds .

========================================================================
Received Import Request.
  Time since last request: 0.000200 seconds.
  path: Assets/LowPolyDungeonsLite/Prefabs/Wall_27.prefab
  artifactKey: Guid(2f6c4572e07a60b43b00e1c4f489a806) Importer(815301076,1909f56bfc062723c751e8b465ee728b)
Start importing Assets/LowPolyDungeonsLite/Prefabs/Wall_27.prefab using Guid(2f6c4572e07a60b43b00e1c4f489a806) Importer(815301076,1909f56bfc062723c751e8b465ee728b)  -> (artifact id: '9556d3243c8fd6b1973b21ed2ee034b8') in 0.008179 seconds 
  Import took 0.012388 seconds .

========================================================================
Received Import Request.
  Time since last request: 0.000224 seconds.
  path: Assets/LowPolyDungeonsLite/Prefabs/Mud_04.prefab
  artifactKey: Guid(9d96437b1954fd74c84a5e1999bb2cb1) Importer(815301076,1909f56bfc062723c751e8b465ee728b)
Start importing Assets/LowPolyDungeonsLite/Prefabs/Mud_04.prefab using Guid(9d96437b1954fd74c84a5e1999bb2cb1) Importer(815301076,1909f56bfc062723c751e8b465ee728b)  -> (artifact id: 'eddc40ee29f6874e762fa6b23101f66d') in 0.007436 seconds 
  Import took 0.010933 seconds .

========================================================================
Received Import Request.
  Time since last request: 0.000256 seconds.
  path: Assets/LowPolyDungeonsLite/Prefabs/Candle_01.prefab
  artifactKey: Guid(c79d59d66358e0f45a098f4b8a82f8be) Importer(815301076,1909f56bfc062723c751e8b465ee728b)
Start importing Assets/LowPolyDungeonsLite/Prefabs/Candle_01.prefab using Guid(c79d59d66358e0f45a098f4b8a82f8be) Importer(815301076,1909f56bfc062723c751e8b465ee728b)  -> (artifact id: 'f715d3e60db455114910109a9fdf5a1f') in 0.009550 seconds 
  Import took 0.012904 seconds .

========================================================================
Received Import Request.
  Time since last request: 0.000326 seconds.
  path: Assets/LowPolyDungeonsLite/Prefabs/Ground_03.prefab
  artifactKey: Guid(fd2de4bd876f4ac4980370e624362931) Importer(815301076,1909f56bfc062723c751e8b465ee728b)
Start importing Assets/LowPolyDungeonsLite/Prefabs/Ground_03.prefab using Guid(fd2de4bd876f4ac4980370e624362931) Importer(815301076,1909f56bfc062723c751e8b465ee728b)  -> (artifact id: '7c52f93058f1f9ee92fa37c1a7dbe4ad') in 0.007341 seconds 
  Import took 0.010863 seconds .

========================================================================
Received Import Request.
  Time since last request: 0.000273 seconds.
  path: Assets/LowPolyDungeonsLite/Prefabs/WallDecor_05.prefab
  artifactKey: Guid(725d9061657be724facf6fda9fe05b4f) Importer(815301076,1909f56bfc062723c751e8b465ee728b)
Start importing Assets/LowPolyDungeonsLite/Prefabs/WallDecor_05.prefab using Guid(725d9061657be724facf6fda9fe05b4f) Importer(815301076,1909f56bfc062723c751e8b465ee728b)  -> (artifact id: '0707b6ac84cdf6222abf25be2ff5865e') in 0.008204 seconds 
  Import took 0.012002 seconds .

========================================================================
Received Import Request.
  Time since last request: 0.000183 seconds.
  path: Assets/LowPolyDungeonsLite/Prefabs/Pot_01.prefab
  artifactKey: Guid(616fdaa7dbff40e4f91c695be15f9f4f) Importer(815301076,1909f56bfc062723c751e8b465ee728b)
Start importing Assets/LowPolyDungeonsLite/Prefabs/Pot_01.prefab using Guid(616fdaa7dbff40e4f91c695be15f9f4f) Importer(815301076,1909f56bfc062723c751e8b465ee728b)  -> (artifact id: '938f2049c757ec8beeddcc05cfe11332') in 0.007813 seconds 
  Import took 0.011489 seconds .

========================================================================
Received Import Request.
  Time since last request: 0.000219 seconds.
  path: Assets/LowPolyDungeonsLite/Prefabs/Rock_01.prefab
  artifactKey: Guid(cfb04594231799d4092ee0064447ce94) Importer(815301076,1909f56bfc062723c751e8b465ee728b)
Start importing Assets/LowPolyDungeonsLite/Prefabs/Rock_01.prefab using Guid(cfb04594231799d4092ee0064447ce94) Importer(815301076,1909f56bfc062723c751e8b465ee728b)  -> (artifact id: 'f6baffeaaff1a081daa909b480e8fd06') in 0.007778 seconds 
  Import took 0.011269 seconds .

========================================================================
Received Import Request.
  Time since last request: 0.000308 seconds.
  path: Assets/LowPolyDungeonsLite/Prefabs/Wood_02.prefab
  artifactKey: Guid(5062c1312f2beb14694d90a058d444e4) Importer(815301076,1909f56bfc062723c751e8b465ee728b)
Start importing Assets/LowPolyDungeonsLite/Prefabs/Wood_02.prefab using Guid(5062c1312f2beb14694d90a058d444e4) Importer(815301076,1909f56bfc062723c751e8b465ee728b)  -> (artifact id: '3a3767f46d1ce72a2db4c217061376a1') in 0.007673 seconds 
  Import took 0.011059 seconds .

========================================================================
Received Import Request.
  Time since last request: 0.000361 seconds.
  path: Assets/LowPolyDungeonsLite/Prefabs/Light_08.prefab
  artifactKey: Guid(5fbfbee0f9885764383291c4c5e18668) Importer(815301076,1909f56bfc062723c751e8b465ee728b)
Start importing Assets/LowPolyDungeonsLite/Prefabs/Light_08.prefab using Guid(5fbfbee0f9885764383291c4c5e18668) Importer(815301076,1909f56bfc062723c751e8b465ee728b)  -> (artifact id: '3d22bfd98ecde31ed1bd8c0e1b09f787') in 0.014162 seconds 
  Import took 0.017708 seconds .

========================================================================
Received Import Request.
  Time since last request: 0.000241 seconds.
  path: Assets/LowPolyDungeonsLite/Prefabs/Bottle_05.prefab
  artifactKey: Guid(0c837400ef1130c4196d20ee30637d9c) Importer(815301076,1909f56bfc062723c751e8b465ee728b)
Start importing Assets/LowPolyDungeonsLite/Prefabs/Bottle_05.prefab using Guid(0c837400ef1130c4196d20ee30637d9c) Importer(815301076,1909f56bfc062723c751e8b465ee728b)  -> (artifact id: '65f43b60c23e4dacad65514be70a887a') in 0.007812 seconds 
  Import took 0.011368 seconds .

========================================================================
Received Import Request.
  Time since last request: 0.000325 seconds.
  path: Assets/LowPolyDungeonsLite/Prefabs/Table_01.prefab
  artifactKey: Guid(c65426a375c90574a95eaaf4840e9481) Importer(815301076,1909f56bfc062723c751e8b465ee728b)
Start importing Assets/LowPolyDungeonsLite/Prefabs/Table_01.prefab using Guid(c65426a375c90574a95eaaf4840e9481) Importer(815301076,1909f56bfc062723c751e8b465ee728b)  -> (artifact id: 'd25fa1d60c53c838080c54d276923e22') in 0.009313 seconds 
  Import took 0.012755 seconds .

========================================================================
Received Import Request.
  Time since last request: 0.000249 seconds.
  path: Assets/LowPolyDungeonsLite/Prefabs/Particles_Dust.prefab
  artifactKey: Guid(ce9b38f12fedb194d8b4177a9d4a66d7) Importer(815301076,1909f56bfc062723c751e8b465ee728b)
Start importing Assets/LowPolyDungeonsLite/Prefabs/Particles_Dust.prefab using Guid(ce9b38f12fedb194d8b4177a9d4a66d7) Importer(815301076,1909f56bfc062723c751e8b465ee728b)  -> (artifact id: '09caf5df424e596a594739fb67db320f') in 0.007291 seconds 
  Import took 0.010777 seconds .

========================================================================
Received Import Request.
  Time since last request: 0.000213 seconds.
  path: Assets/LowPolyDungeonsLite/Prefabs/Chair_05.prefab
  artifactKey: Guid(3c94a574020d3de429d0c295b3a83db4) Importer(815301076,1909f56bfc062723c751e8b465ee728b)
Start importing Assets/LowPolyDungeonsLite/Prefabs/Chair_05.prefab using Guid(3c94a574020d3de429d0c295b3a83db4) Importer(815301076,1909f56bfc062723c751e8b465ee728b)  -> (artifact id: '765dc49a9d80de3e7b03fab8622d88f1') in 0.007591 seconds 
  Import took 0.010979 seconds .

========================================================================
Received Import Request.
  Time since last request: 0.000205 seconds.
  path: Assets/LowPolyDungeonsLite/Prefabs/Box_02.prefab
  artifactKey: Guid(e37d55d9adae8724c9dcf1dff5b67578) Importer(815301076,1909f56bfc062723c751e8b465ee728b)
Start importing Assets/LowPolyDungeonsLite/Prefabs/Box_02.prefab using Guid(e37d55d9adae8724c9dcf1dff5b67578) Importer(815301076,1909f56bfc062723c751e8b465ee728b)  -> (artifact id: '22a13c80a0a4a41fc5dda8c77aff0eec') in 0.008871 seconds 
  Import took 0.012250 seconds .

========================================================================
Received Import Request.
  Time since last request: 317.466729 seconds.
  path: Assets/LowPolyDungeonsLite/Models/Book_09.fbx
  artifactKey: Guid(dd85c4003e86ea24b9d5486aa770f3a2) Importer(815301076,1909f56bfc062723c751e8b465ee728b)
Start importing Assets/LowPolyDungeonsLite/Models/Book_09.fbx using Guid(dd85c4003e86ea24b9d5486aa770f3a2) Importer(815301076,1909f56bfc062723c751e8b465ee728b)  -> (artifact id: '33450bac95c20e886864ec1374c6dfec') in 0.503008 seconds 
  Import took 0.509613 seconds .

========================================================================
Received Import Request.
  Time since last request: 0.000291 seconds.
  path: Assets/LowPolyDungeonsLite/Models/Pot_01.fbx
  artifactKey: Guid(ea68aa111adc3264f9968657e12cc86a) Importer(815301076,1909f56bfc062723c751e8b465ee728b)
Start importing Assets/LowPolyDungeonsLite/Models/Pot_01.fbx using Guid(ea68aa111adc3264f9968657e12cc86a) Importer(815301076,1909f56bfc062723c751e8b465ee728b)  -> (artifact id: '9a264f7d5237e2ceb5f99da0bf57083d') in 0.034563 seconds 
  Import took 0.040606 seconds .

========================================================================
Received Import Request.
  Time since last request: 0.000298 seconds.
  path: Assets/LowPolyDungeonsLite/Models/Wall_27.fbx
  artifactKey: Guid(657987f19f0767d4f81541198f8e3eff) Importer(815301076,1909f56bfc062723c751e8b465ee728b)
Start importing Assets/LowPolyDungeonsLite/Models/Wall_27.fbx using Guid(657987f19f0767d4f81541198f8e3eff) Importer(815301076,1909f56bfc062723c751e8b465ee728b)  -> (artifact id: 'df0c112f8fb36331888a1be081467155') in 0.026686 seconds 
  Import took 0.032762 seconds .

========================================================================
Received Import Request.
  Time since last request: 0.000223 seconds.
  path: Assets/LowPolyDungeonsLite/Models/Ground_03.fbx
  artifactKey: Guid(9cf4216d74f9e92458acdc136e73dd07) Importer(815301076,1909f56bfc062723c751e8b465ee728b)
Start importing Assets/LowPolyDungeonsLite/Models/Ground_03.fbx using Guid(9cf4216d74f9e92458acdc136e73dd07) Importer(815301076,1909f56bfc062723c751e8b465ee728b)  -> (artifact id: '1acc649d992a53be78228686a6408a9d') in 0.023424 seconds 
  Import took 0.028694 seconds .

========================================================================
Received Import Request.
  Time since last request: 0.000211 seconds.
  path: Assets/LowPolyDungeonsLite/Models/Table_01.fbx
  artifactKey: Guid(d6d2f7aefe8e8cb4aac4725d78e70fde) Importer(815301076,1909f56bfc062723c751e8b465ee728b)
Start importing Assets/LowPolyDungeonsLite/Models/Table_01.fbx using Guid(d6d2f7aefe8e8cb4aac4725d78e70fde) Importer(815301076,1909f56bfc062723c751e8b465ee728b)  -> (artifact id: 'af3a171d0681e55254a01bd112cdda25') in 0.018758 seconds 
  Import took 0.022428 seconds .

========================================================================
Received Import Request.
  Time since last request: 0.000153 seconds.
  path: Assets/LowPolyDungeonsLite/Models/Box_02.fbx
  artifactKey: Guid(8257fe5fd024e1640b84edb679463fd9) Importer(815301076,1909f56bfc062723c751e8b465ee728b)
Start importing Assets/LowPolyDungeonsLite/Models/Box_02.fbx using Guid(8257fe5fd024e1640b84edb679463fd9) Importer(815301076,1909f56bfc062723c751e8b465ee728b)  -> (artifact id: '51ddff8ede5a48a1b5525b6b63c16d16') in 0.014229 seconds 
  Import took 0.017681 seconds .

========================================================================
Received Import Request.
  Time since last request: 0.000160 seconds.
  path: Assets/LowPolyDungeonsLite/Models/Wood_02.fbx
  artifactKey: Guid(e8f98bd8e8aa901469815fc68e3094aa) Importer(815301076,1909f56bfc062723c751e8b465ee728b)
Start importing Assets/LowPolyDungeonsLite/Models/Wood_02.fbx using Guid(e8f98bd8e8aa901469815fc68e3094aa) Importer(815301076,1909f56bfc062723c751e8b465ee728b)  -> (artifact id: '4bc1604a4d0249e44082047b17570ab9') in 0.011567 seconds 
  Import took 0.015024 seconds .

========================================================================
Received Import Request.
  Time since last request: 0.000185 seconds.
  path: Assets/LowPolyDungeonsLite/Models/Chair_05.fbx
  artifactKey: Guid(d51ff80ee7d069542b138da061286520) Importer(815301076,1909f56bfc062723c751e8b465ee728b)
Start importing Assets/LowPolyDungeonsLite/Models/Chair_05.fbx using Guid(d51ff80ee7d069542b138da061286520) Importer(815301076,1909f56bfc062723c751e8b465ee728b)  -> (artifact id: '9e71c1dfb7d2da88927f8938fb9bd8ac') in 0.012207 seconds 
  Import took 0.015883 seconds .

========================================================================
Received Import Request.
  Time since last request: 0.000176 seconds.
  path: Assets/LowPolyDungeonsLite/Models/Column_01.fbx
  artifactKey: Guid(1bff7d79ae1b141448f2db1e49eb3c81) Importer(815301076,1909f56bfc062723c751e8b465ee728b)
Start importing Assets/LowPolyDungeonsLite/Models/Column_01.fbx using Guid(1bff7d79ae1b141448f2db1e49eb3c81) Importer(815301076,1909f56bfc062723c751e8b465ee728b)  -> (artifact id: 'af30a4aa9b7440104e135d8578275c0b') in 0.011661 seconds 
  Import took 0.015308 seconds .

========================================================================
Received Import Request.
  Time since last request: 0.000175 seconds.
  path: Assets/LowPolyDungeonsLite/Models/Rock_01.fbx
  artifactKey: Guid(35b57be42e294d546baff933e1fef874) Importer(815301076,1909f56bfc062723c751e8b465ee728b)
Start importing Assets/LowPolyDungeonsLite/Models/Rock_01.fbx using Guid(35b57be42e294d546baff933e1fef874) Importer(815301076,1909f56bfc062723c751e8b465ee728b)  -> (artifact id: '24290caf93bfe15acfc4a6d3ba8bb9a6') in 0.011774 seconds 
  Import took 0.015605 seconds .

========================================================================
Received Import Request.
  Time since last request: 0.000220 seconds.
  path: Assets/LowPolyDungeonsLite/Models/Ground_01.fbx
  artifactKey: Guid(542f964f9d702f74d949482dfe0e0e8f) Importer(815301076,1909f56bfc062723c751e8b465ee728b)
Start importing Assets/LowPolyDungeonsLite/Models/Ground_01.fbx using Guid(542f964f9d702f74d949482dfe0e0e8f) Importer(815301076,1909f56bfc062723c751e8b465ee728b)  -> (artifact id: '45bce3f3569b08e827c0ab5462318ebb') in 0.010850 seconds 
  Import took 0.014251 seconds .

========================================================================
Received Import Request.
  Time since last request: 0.000187 seconds.
  path: Assets/LowPolyDungeonsLite/Models/Jug_02.fbx
  artifactKey: Guid(ddaa7d6b7ae32864ebb3dc8ba1c6dd83) Importer(815301076,1909f56bfc062723c751e8b465ee728b)
Start importing Assets/LowPolyDungeonsLite/Models/Jug_02.fbx using Guid(ddaa7d6b7ae32864ebb3dc8ba1c6dd83) Importer(815301076,1909f56bfc062723c751e8b465ee728b)  -> (artifact id: 'c92b9a2b1ff1f713ee32021e6b63e2a0') in 0.011249 seconds 
  Import took 0.014854 seconds .

========================================================================
Received Import Request.
  Time since last request: 0.000167 seconds.
  path: Assets/LowPolyDungeonsLite/Models/Mud_04.fbx
  artifactKey: Guid(5fc50f02975300c4fbb07bf974b4815b) Importer(815301076,1909f56bfc062723c751e8b465ee728b)
Start importing Assets/LowPolyDungeonsLite/Models/Mud_04.fbx using Guid(5fc50f02975300c4fbb07bf974b4815b) Importer(815301076,1909f56bfc062723c751e8b465ee728b)  -> (artifact id: 'd09498366d7432c622399337061e7b40') in 0.011730 seconds 
  Import took 0.015310 seconds .

========================================================================
Received Import Request.
  Time since last request: 0.000144 seconds.
  path: Assets/LowPolyDungeonsLite/Models/Bottle_05.fbx
  artifactKey: Guid(1f3ab9073fa6aed4bbec9d3a54b89a27) Importer(815301076,1909f56bfc062723c751e8b465ee728b)
Start importing Assets/LowPolyDungeonsLite/Models/Bottle_05.fbx using Guid(1f3ab9073fa6aed4bbec9d3a54b89a27) Importer(815301076,1909f56bfc062723c751e8b465ee728b)  -> (artifact id: 'fcd3acece01925bc3a327dc0f657c5b4') in 0.011153 seconds 
  Import took 0.015000 seconds .

========================================================================
Received Import Request.
  Time since last request: 0.000171 seconds.
  path: Assets/LowPolyDungeonsLite/Models/Candle_01.fbx
  artifactKey: Guid(0e94f8f9621dc254ca920f620b8e454e) Importer(815301076,1909f56bfc062723c751e8b465ee728b)
Start importing Assets/LowPolyDungeonsLite/Models/Candle_01.fbx using Guid(0e94f8f9621dc254ca920f620b8e454e) Importer(815301076,1909f56bfc062723c751e8b465ee728b)  -> (artifact id: '4862040b316ea6970bd4528b5d212083') in 0.010988 seconds 
  Import took 0.014844 seconds .

========================================================================
Received Import Request.
  Time since last request: 0.000143 seconds.
  path: Assets/LowPolyDungeonsLite/Models/Light_08.fbx
  artifactKey: Guid(a572b7e4c3d8eb446823b4269e41cb5d) Importer(815301076,1909f56bfc062723c751e8b465ee728b)
Start importing Assets/LowPolyDungeonsLite/Models/Light_08.fbx using Guid(a572b7e4c3d8eb446823b4269e41cb5d) Importer(815301076,1909f56bfc062723c751e8b465ee728b)  -> (artifact id: 'beeb5a407642cff0bad8c8749aa4d290') in 0.016464 seconds 
  Import took 0.020229 seconds .

========================================================================
Received Import Request.
  Time since last request: 0.000171 seconds.
  path: Assets/LowPolyDungeonsLite/Models/WallDecor_05.fbx
  artifactKey: Guid(cde161403e4daa841897213ea28384a5) Importer(815301076,1909f56bfc062723c751e8b465ee728b)
Start importing Assets/LowPolyDungeonsLite/Models/WallDecor_05.fbx using Guid(cde161403e4daa841897213ea28384a5) Importer(815301076,1909f56bfc062723c751e8b465ee728b)  -> (artifact id: '52711a9495227aebc662f246186f17c2') in 0.013666 seconds 
  Import took 0.017276 seconds .

========================================================================
Received Import Request.
  Time since last request: 1.546841 seconds.
  path: Assets/LowPolyDungeonsLite/Materials/LowPolyDungeonsLite_BG.mat
  artifactKey: Guid(64ba6c72e3ef1e549a99ffb902487f11) Importer(815301076,1909f56bfc062723c751e8b465ee728b)
Start importing Assets/LowPolyDungeonsLite/Materials/LowPolyDungeonsLite_BG.mat using Guid(64ba6c72e3ef1e549a99ffb902487f11) Importer(815301076,1909f56bfc062723c751e8b465ee728b)  -> (artifact id: '68a977564989b5fc81da8dc2abd4aebb') in 0.023018 seconds 
  Import took 0.029533 seconds .

========================================================================
Received Import Request.
  Time since last request: 0.000246 seconds.
  path: Assets/LowPolyDungeonsLite/Materials/LowPolyDungeonsLite_Light.mat
  artifactKey: Guid(2f12fcec4b3dcc0489472b3a9cfa44c1) Importer(815301076,1909f56bfc062723c751e8b465ee728b)
Start importing Assets/LowPolyDungeonsLite/Materials/LowPolyDungeonsLite_Light.mat using Guid(2f12fcec4b3dcc0489472b3a9cfa44c1) Importer(815301076,1909f56bfc062723c751e8b465ee728b)  -> (artifact id: '0d046ec012dda7f384494cb67a162b01') in 0.009696 seconds 
  Import took 0.014067 seconds .

========================================================================
Received Prepare
Registering precompiled user dll's ...
Registered in 0.024514 seconds.
Begin MonoManager ReloadAssembly
Native extension for OSXStandalone target not found
Refreshing native plugins compatible for Editor in 0.80 ms, found 3 plugins.
Preloading 1 native plugins for Editor in 0.65 ms.
Mono: successfully reloaded assembly
- Completed reload, in  3.188 seconds
Domain Reload Profiling:
	ReloadAssembly (3190ms)
		BeginReloadAssembly (458ms)
			ExecutionOrderSort (0ms)
			DisableScriptedObjects (55ms)
			BackupInstance (0ms)
			ReleaseScriptingObjects (0ms)
			CreateAndSetChildDomain (179ms)
		EndReloadAssembly (2629ms)
			LoadAssemblies (313ms)
			RebuildTransferFunctionScriptingTraits (0ms)
			SetupTypeCache (419ms)
			ReleaseScriptCaches (1ms)
			RebuildScriptCaches (58ms)
			SetupLoadedEditorAssemblies (1416ms)
				LogAssemblyErrors (0ms)
				InitializePlatformSupportModulesInManaged (12ms)
				SetLoadedEditorAssemblies (2ms)
				RefreshPlugins (1ms)
				BeforeProcessingInitializeOnLoad (206ms)
				ProcessInitializeOnLoadAttributes (1177ms)
				ProcessInitializeOnLoadMethodAttributes (17ms)
				AfterProcessingInitializeOnLoad (1ms)
				EditorAssembliesLoaded (0ms)
			ExecutionOrderSort2 (0ms)
			AwakeInstancesAfterBackupRestoration (72ms)
Platform modules already initialized, skipping
Switching build target platform(2) subTarget(0) extendedPlatform(0) -> platform(13) subTarget(524294) extendedPlatform(0)
Refreshing native plugins compatible for Editor in 0.98 ms, found 3 plugins.
Preloading 1 native plugins for Editor in 0.40 ms.
Unloading 3134 Unused Serialized files (Serialized files now loaded: 0)
System memory in use before: 246.8 MB.
System memory in use after: 246.5 MB.

Unloading 19 unused Assets to reduce memory usage. Loaded Objects now: 3773.
Total: 3.369417 ms (FindLiveObjects: 0.517458 ms CreateObjectMapping: 0.078917 ms MarkObjects: 2.411333 ms  DeleteObjects: 0.360708 ms)

AssetImportParameters requested are different than current active one (requested -> active):
  custom:video-decoder-ogg-theora: a1e56fd34408186e4bbccfd4996cb3dc -> 
  custom:container-muxer-webm: aa71ff27fc2769a1b78a27578f13a17b -> 
  custom:container-demuxer-webm: 4f35f7cbe854078d1ac9338744f61a02 -> 
  custom:container-demuxer-ogg: 62fdf1f143b41e24485cea50d1cbac27 -> 
  custom:video-encoder-webm-vp8: eb34c28f22e8b96e1ab97ce403110664 -> 
  custom:framework-osx-AVFoundation: e770b220cccbd017edd2c1fefb359320 -> 
  custom:video-decoder-webm-vp8: 9c59270c3fd7afecdb556c50c9e8de78 -> 
  custom:graphics/normal-map-encoding: 01000000000000000000000000000000 -> 02000000000000000000000000000000
  custom:audio-decoder-ogg-vorbis: bf7c407c2cedff20999df2af8eb42d56 -> 
  custom:audio-encoder-webm-vorbis: bf7c407c2cedff20999df2af8eb42d56 -> 
========================================================================
Received Import Request.
  Time since last request: 695.855156 seconds.
  path: Assets/Samples/XR Interaction Toolkit/1.0.0-pre.8/Default Input Actions/XRI Default Left Controller.preset
  artifactKey: Guid(ffd8268f7307a0c48a067dad4a8fe060) Importer(815301076,1909f56bfc062723c751e8b465ee728b)
Start importing Assets/Samples/XR Interaction Toolkit/1.0.0-pre.8/Default Input Actions/XRI Default Left Controller.preset using Guid(ffd8268f7307a0c48a067dad4a8fe060) Importer(815301076,1909f56bfc062723c751e8b465ee728b)  -> (artifact id: '4262c9a3ed65a32472f92dcc7aabada0') in 0.196279 seconds 
  Import took 0.201649 seconds .

========================================================================
Received Import Request.
  Time since last request: 0.000309 seconds.
  path: Assets/Samples/XR Interaction Toolkit/1.0.0-pre.8/Default Input Actions/XRI Default Right Controller.preset
  artifactKey: Guid(1421ad86ff3787b4dae70fe9e699a25f) Importer(815301076,1909f56bfc062723c751e8b465ee728b)
Start importing Assets/Samples/XR Interaction Toolkit/1.0.0-pre.8/Default Input Actions/XRI Default Right Controller.preset using Guid(1421ad86ff3787b4dae70fe9e699a25f) Importer(815301076,1909f56bfc062723c751e8b465ee728b)  -> (artifact id: '8dcadb25ec308300406d5962f5bf2377') in 0.004709 seconds 
  Import took 0.008382 seconds .

========================================================================
Received Import Request.
  Time since last request: 145.382700 seconds.
  path: Assets/XR/Settings/Oculus Settings.asset
  artifactKey: Guid(a6147e892c44e4c02962897f6062de4d) Importer(815301076,1909f56bfc062723c751e8b465ee728b)
Start importing Assets/XR/Settings/Oculus Settings.asset using Guid(a6147e892c44e4c02962897f6062de4d) Importer(815301076,1909f56bfc062723c751e8b465ee728b)  -> (artifact id: 'fe7379a94f0c7102b89af7d87ce5a3d3') in 0.112561 seconds 
  Import took 0.118393 seconds .

========================================================================
Received Import Request.
  Time since last request: 10.166442 seconds.
  path: Assets/Samples/XR Interaction Toolkit/1.0.0-pre.8
  artifactKey: Guid(2a94fc7a8ebcd45eb895959a8afaf9a1) Importer(815301076,1909f56bfc062723c751e8b465ee728b)
Start importing Assets/Samples/XR Interaction Toolkit/1.0.0-pre.8 using Guid(2a94fc7a8ebcd45eb895959a8afaf9a1) Importer(815301076,1909f56bfc062723c751e8b465ee728b)  -> (artifact id: '998aaeb4689ffe160274801e75969c40') in 0.000935 seconds 
  Import took 0.004963 seconds .

========================================================================
Received Import Request.
  Time since last request: 0.543885 seconds.
  path: Assets/Samples/XR Interaction Toolkit/1.0.0-pre.8/Default Input Actions
  artifactKey: Guid(e14ed07ca64a5455ab9ab251fe31a893) Importer(815301076,1909f56bfc062723c751e8b465ee728b)
Start importing Assets/Samples/XR Interaction Toolkit/1.0.0-pre.8/Default Input Actions using Guid(e14ed07ca64a5455ab9ab251fe31a893) Importer(815301076,1909f56bfc062723c751e8b465ee728b)  -> (artifact id: '01cd0ea23d3b5e7a73f9bfc5fe2786e8') in 0.002246 seconds 
  Import took 0.007545 seconds .

========================================================================
Received Import Request.
  Time since last request: 1.708453 seconds.
  path: Assets/Samples/XR Interaction Toolkit/1.0.0-pre.8/Default Input Actions/XRI Default Continuous Move.preset
  artifactKey: Guid(91f9da00cfdac5d49955df2d2d820b9c) Importer(815301076,1909f56bfc062723c751e8b465ee728b)
Start importing Assets/Samples/XR Interaction Toolkit/1.0.0-pre.8/Default Input Actions/XRI Default Continuous Move.preset using Guid(91f9da00cfdac5d49955df2d2d820b9c) Importer(815301076,1909f56bfc062723c751e8b465ee728b)  -> (artifact id: '7da3fe9c90d3328ccbda1acb67679066') in 0.007476 seconds 
  Import took 0.012385 seconds .

========================================================================
Received Import Request.
  Time since last request: 0.000199 seconds.
  path: Assets/Samples/XR Interaction Toolkit/1.0.0-pre.8/Default Input Actions/XRI Default Snap Turn.preset
  artifactKey: Guid(18697d253d848974aa7052cba872c9f0) Importer(815301076,1909f56bfc062723c751e8b465ee728b)
Start importing Assets/Samples/XR Interaction Toolkit/1.0.0-pre.8/Default Input Actions/XRI Default Snap Turn.preset using Guid(18697d253d848974aa7052cba872c9f0) Importer(815301076,1909f56bfc062723c751e8b465ee728b)  -> (artifact id: '16670b800db6788a6c2019e24f3b4ddb') in 0.005693 seconds 
  Import took 0.009684 seconds .

========================================================================
Received Import Request.
  Time since last request: 0.000201 seconds.
  path: Assets/Samples/XR Interaction Toolkit/1.0.0-pre.8/Default Input Actions/XRI Default Input Actions.inputactions
  artifactKey: Guid(c348712bda248c246b8c49b3db54643f) Importer(815301076,1909f56bfc062723c751e8b465ee728b)
Start importing Assets/Samples/XR Interaction Toolkit/1.0.0-pre.8/Default Input Actions/XRI Default Input Actions.inputactions using Guid(c348712bda248c246b8c49b3db54643f) Importer(815301076,1909f56bfc062723c751e8b465ee728b)  -> (artifact id: '6fb1e112b114267ddba6375429841acc') in 0.111430 seconds 
  Import took 0.115460 seconds .

========================================================================
Received Import Request.
  Time since last request: 0.000298 seconds.
  path: Assets/Samples/XR Interaction Toolkit/1.0.0-pre.8/Default Input Actions/XRI Default Continuous Turn.preset
  artifactKey: Guid(0caad3af14f9a414dbdf25ed41e5aa47) Importer(815301076,1909f56bfc062723c751e8b465ee728b)
Start importing Assets/Samples/XR Interaction Toolkit/1.0.0-pre.8/Default Input Actions/XRI Default Continuous Turn.preset using Guid(0caad3af14f9a414dbdf25ed41e5aa47) Importer(815301076,1909f56bfc062723c751e8b465ee728b)  -> (artifact id: 'e4ccefdc474ceb738a43be42fa0dd200') in 0.007464 seconds 
  Import took 0.011041 seconds .

========================================================================
Received Import Request.
  Time since last request: 23.868149 seconds.
  path: Assets/Samples/XR Interaction Toolkit/1.0.0-pre.8/XR Device Simulator/XR Device Simulator Controls.inputactions
  artifactKey: Guid(da2b439d1a2de5c46a4f428f8cf4fe19) Importer(815301076,1909f56bfc062723c751e8b465ee728b)
Start importing Assets/Samples/XR Interaction Toolkit/1.0.0-pre.8/XR Device Simulator/XR Device Simulator Controls.inputactions using Guid(da2b439d1a2de5c46a4f428f8cf4fe19) Importer(815301076,1909f56bfc062723c751e8b465ee728b)  -> (artifact id: 'a39db40e47899058af0d1997d8e38300') in 0.012237 seconds 
  Import took 0.016608 seconds .

========================================================================
Received Import Request.
  Time since last request: 388.711258 seconds.
  path: Assets/food_drink_big_bubble_blown_into_glass_through_drinking_straw_1.mp3
  artifactKey: Guid(671050ded78eb4d6ab71908c5745e400) Importer(815301076,1909f56bfc062723c751e8b465ee728b)
Start importing Assets/food_drink_big_bubble_blown_into_glass_through_drinking_straw_1.mp3 using Guid(671050ded78eb4d6ab71908c5745e400) Importer(815301076,1909f56bfc062723c751e8b465ee728b)  -> (artifact id: '6cdfceda61e41eb45a218b0ff116dd42') in 0.767404 seconds 
  Import took 0.795097 seconds .

========================================================================
Received Import Request.
  Time since last request: 305.050818 seconds.
  path: Assets/ExampleAssets
  artifactKey: Guid(990f5c2df70993f4987a388ca178996a) Importer(815301076,1909f56bfc062723c751e8b465ee728b)
Start importing Assets/ExampleAssets using Guid(990f5c2df70993f4987a388ca178996a) Importer(815301076,1909f56bfc062723c751e8b465ee728b)  -> (artifact id: 'd5ac45704b3e904ca5b19a6457cc79ac') in 0.001607 seconds 
  Import took 0.008931 seconds .

========================================================================
Received Import Request.
  Time since last request: 4.146416 seconds.
  path: Assets/nature_fire_in_fireplace_spit_rumble_crackle_001.mp3
  artifactKey: Guid(b2ba2b4a27f2942f88eed251713f82c2) Importer(815301076,1909f56bfc062723c751e8b465ee728b)
Start importing Assets/nature_fire_in_fireplace_spit_rumble_crackle_001.mp3 using Guid(b2ba2b4a27f2942f88eed251713f82c2) Importer(815301076,1909f56bfc062723c751e8b465ee728b)  -> (artifact id: 'b9d540938e5c9cb762f9923cec5d91df') in 0.024695 seconds 
  Import took 0.029108 seconds .

========================================================================
Received Import Request.
  Time since last request: 0.020249 seconds.
  path: Assets/nature_fire_in_fireplace_spit_rumble_crackle_001.mp3
  artifactKey: Guid(b2ba2b4a27f2942f88eed251713f82c2) Importer(815301076,1909f56bfc062723c751e8b465ee728b)
Start importing Assets/nature_fire_in_fireplace_spit_rumble_crackle_001.mp3 using Guid(b2ba2b4a27f2942f88eed251713f82c2) Importer(815301076,1909f56bfc062723c751e8b465ee728b)  -> (artifact id: 'b9d540938e5c9cb762f9923cec5d91df') in 0.006991 seconds 
  Import took 0.011482 seconds .

========================================================================
Received Prepare
Refreshing native plugins compatible for Editor in 5.80 ms, found 3 plugins.
Preloading 1 native plugins for Editor in 1.82 ms.
Unloading 14 Unused Serialized files (Serialized files now loaded: 0)
System memory in use before: 205.5 MB.
System memory in use after: 205.3 MB.

Unloading 14 unused Assets to reduce memory usage. Loaded Objects now: 3776.
Total: 29.470833 ms (FindLiveObjects: 0.389625 ms CreateObjectMapping: 0.069958 ms MarkObjects: 28.620500 ms  DeleteObjects: 0.389750 ms)

AssetImportParameters requested are different than current active one (requested -> active):
  custom:video-decoder-ogg-theora: a1e56fd34408186e4bbccfd4996cb3dc -> 
  custom:container-muxer-webm: aa71ff27fc2769a1b78a27578f13a17b -> 
  custom:container-demuxer-webm: 4f35f7cbe854078d1ac9338744f61a02 -> 
  custom:container-demuxer-ogg: 62fdf1f143b41e24485cea50d1cbac27 -> 
  custom:video-encoder-webm-vp8: eb34c28f22e8b96e1ab97ce403110664 -> 
  custom:framework-osx-AVFoundation: e770b220cccbd017edd2c1fefb359320 -> 
  custom:video-decoder-webm-vp8: 9c59270c3fd7afecdb556c50c9e8de78 -> 
  custom:audio-decoder-ogg-vorbis: bf7c407c2cedff20999df2af8eb42d56 -> 
  custom:audio-encoder-webm-vorbis: bf7c407c2cedff20999df2af8eb42d56 -> 
========================================================================
Received Prepare
Refreshing native plugins compatible for Editor in 4.93 ms, found 3 plugins.
Preloading 1 native plugins for Editor in 3.28 ms.
Unloading 14 Unused Serialized files (Serialized files now loaded: 0)
System memory in use before: 205.8 MB.
System memory in use after: 205.5 MB.

Unloading 14 unused Assets to reduce memory usage. Loaded Objects now: 3776.
Total: 50.249750 ms (FindLiveObjects: 1.017375 ms CreateObjectMapping: 0.070375 ms MarkObjects: 48.761833 ms  DeleteObjects: 0.399458 ms)

AssetImportParameters requested are different than current active one (requested -> active):
  custom:video-decoder-ogg-theora: a1e56fd34408186e4bbccfd4996cb3dc -> 
  custom:container-muxer-webm: aa71ff27fc2769a1b78a27578f13a17b -> 
  custom:container-demuxer-webm: 4f35f7cbe854078d1ac9338744f61a02 -> 
  custom:container-demuxer-ogg: 62fdf1f143b41e24485cea50d1cbac27 -> 
  custom:video-encoder-webm-vp8: eb34c28f22e8b96e1ab97ce403110664 -> 
  custom:framework-osx-AVFoundation: e770b220cccbd017edd2c1fefb359320 -> 
  custom:video-decoder-webm-vp8: 9c59270c3fd7afecdb556c50c9e8de78 -> 
  custom:audio-decoder-ogg-vorbis: bf7c407c2cedff20999df2af8eb42d56 -> 
  custom:audio-encoder-webm-vorbis: bf7c407c2cedff20999df2af8eb42d56 -> 
